Determining if the pthread_create exist failed with the following output:
Change Dir: /home/rcbot/The_construct_coursed/ros_basics/unit3_practice/catkin_ws/build/CMakeFiles/CMakeTmp

Run Build Command:"/usr/bin/make" "cmTC_fdf43/fast"
/usr/bin/make -f CMakeFiles/cmTC_fdf43.dir/build.make CMakeFiles/cmTC_fdf43.dir/build
make[1]: Entering directory '/home/rcbot/The_construct_coursed/ros_basics/unit3_practice/catkin_ws/build/CMakeFiles/CMakeTmp'
Building C object CMakeFiles/cmTC_fdf43.dir/CheckSymbolExists.c.o
/usr/bin/cc    -o CMakeFiles/cmTC_fdf43.dir/CheckSymbolExists.c.o   -c /home/rcbot/The_construct_coursed/ros_basics/unit3_practice/catkin_ws/build/CMakeFiles/CMakeTmp/CheckSymbolExists.c
Linking C executable cmTC_fdf43
/usr/bin/cmake -E cmake_link_script CMakeFiles/cmTC_fdf43.dir/link.txt --verbose=1
/usr/bin/cc      -rdynamic CMakeFiles/cmTC_fdf43.dir/CheckSymbolExists.c.o  -o cmTC_fdf43 
CMakeFiles/cmTC_fdf43.dir/CheckSymbolExists.c.o: In function `main':
CheckSymbolExists.c:(.text+0x1b): undefined reference to `pthread_create'
collect2: error: ld returned 1 exit status
CMakeFiles/cmTC_fdf43.dir/build.make:97: recipe for target 'cmTC_fdf43' failed
make[1]: *** [cmTC_fdf43] Error 1
make[1]: Leaving directory '/home/rcbot/The_construct_coursed/ros_basics/unit3_practice/catkin_ws/build/CMakeFiles/CMakeTmp'
Makefile:126: recipe for target 'cmTC_fdf43/fast' failed
make: *** [cmTC_fdf43/fast] Error 2

File /home/rcbot/The_construct_coursed/ros_basics/unit3_practice/catkin_ws/build/CMakeFiles/CMakeTmp/CheckSymbolExists.c:
/* */
#include <pthread.h>

int main(int argc, char** argv)
{
  (void)argv;
#ifndef pthread_create
  return ((int*)(&pthread_create))[argc];
#else
  (void)argc;
  return 0;
#endif
}

Determining if the function pthread_create exists in the pthreads failed with the following output:
Change Dir: /home/rcbot/The_construct_coursed/ros_basics/unit3_practice/catkin_ws/build/CMakeFiles/CMakeTmp

Run Build Command:"/usr/bin/make" "cmTC_fee7b/fast"
/usr/bin/make -f CMakeFiles/cmTC_fee7b.dir/build.make CMakeFiles/cmTC_fee7b.dir/build
make[1]: Entering directory '/home/rcbot/The_construct_coursed/ros_basics/unit3_practice/catkin_ws/build/CMakeFiles/CMakeTmp'
Building C object CMakeFiles/cmTC_fee7b.dir/CheckFunctionExists.c.o
/usr/bin/cc   -DCHECK_FUNCTION_EXISTS=pthread_create   -o CMakeFiles/cmTC_fee7b.dir/CheckFunctionExists.c.o   -c /usr/share/cmake-3.10/Modules/CheckFunctionExists.c
Linking C executable cmTC_fee7b
/usr/bin/cmake -E cmake_link_script CMakeFiles/cmTC_fee7b.dir/link.txt --verbose=1
/usr/bin/cc  -DCHECK_FUNCTION_EXISTS=pthread_create    -rdynamic CMakeFiles/cmTC_fee7b.dir/CheckFunctionExists.c.o  -o cmTC_fee7b -lpthreads 
/usr/bin/ld: cannot find -lpthreads
collect2: error: ld returned 1 exit status
CMakeFiles/cmTC_fee7b.dir/build.make:97: recipe for target 'cmTC_fee7b' failed
make[1]: *** [cmTC_fee7b] Error 1
make[1]: Leaving directory '/home/rcbot/The_construct_coursed/ros_basics/unit3_practice/catkin_ws/build/CMakeFiles/CMakeTmp'
Makefile:126: recipe for target 'cmTC_fee7b/fast' failed
make: *** [cmTC_fee7b/fast] Error 2


